Enter Name :  
----------------------------------------------------------
----  Kesha Sri S ----
k -> 2
e -> 5
s -> 3
h -> 5
a -> 1
  -> 0
s -> 3
r -> 2
i -> 1
  -> 0
s -> 3
The value is 25
 
Enter Name :  
----------------------------------------------------------
----  Keshaa S ----
k -> 2
e -> 5
s -> 3
h -> 5
a -> 1
a -> 1
  -> 0
s -> 3
The value is 20
 
Enter Name :  
----------------------------------------------------------
----  Kaysha S ----
k -> 2
a -> 1
y -> 1
s -> 3
h -> 5
a -> 1
  -> 0
s -> 3
The value is 16
 
Enter Name :  
----------------------------------------------------------
----  Kaysha SS ----
k -> 2
a -> 1
y -> 1
s -> 3
h -> 5
a -> 1
  -> 0
s -> 3
s -> 3
The value is 19
 
Enter Name :  
----------------------------------------------------------
----  kreshna S ----
k -> 2
r -> 2
e -> 5
s -> 3
h -> 5
n -> 5
a -> 1
  -> 0
s -> 3
The value is 26
 
Enter Name :  
----------------------------------------------------------
----  Kresha S ----
k -> 2
r -> 2
e -> 5
s -> 3
h -> 5
a -> 1
  -> 0
s -> 3
The value is 21
 
Enter Name :  
----------------------------------------------------------
----  Kriya S ----
k -> 2
r -> 2
i -> 1
y -> 1
a -> 1
  -> 0
s -> 3
The value is 10
 
Enter Name :  
----------------------------------------------------------
----  Krithika S ----
k -> 2
r -> 2
i -> 1
t -> 4
h -> 5
i -> 1
k -> 2
a -> 1
  -> 0
s -> 3
The value is 21
 
Enter Name :  
----------------------------------------------------------
----  Sri Devi S ----
s -> 3
r -> 2
i -> 1
  -> 0
d -> 4
e -> 5
v -> 6
i -> 1
  -> 0
s -> 3
The value is 25
 
Enter Name :  
----------------------------------------------------------
----  Mahalakshmi S ----
m -> 4
a -> 1
h -> 5
a -> 1
l -> 3
a -> 1
k -> 2
s -> 3
h -> 5
m -> 4
i -> 1
  -> 0
s -> 3
The value is 33
 
Enter Name :  
----------------------------------------------------------
----  Mahalakshmi ----
m -> 4
a -> 1
h -> 5
a -> 1
l -> 3
a -> 1
k -> 2
s -> 3
h -> 5
m -> 4
i -> 1
The value is 30
 
Enter Name :  
----------------------------------------------------------
----  Sri lakshmi ----
s -> 3
r -> 2
i -> 1
  -> 0
l -> 3
a -> 1
k -> 2
s -> 3
h -> 5
m -> 4
i -> 1
The value is 25
 
Enter Name :  
----------------------------------------------------------
----  Sri Lashmi S ----
s -> 3
r -> 2
i -> 1
  -> 0
l -> 3
a -> 1
s -> 3
h -> 5
m -> 4
i -> 1
  -> 0
s -> 3
The value is 26
 
Enter Name :  
----------------------------------------------------------
----  Sri Lakshmi S ----
s -> 3
r -> 2
i -> 1
  -> 0
l -> 3
a -> 1
k -> 2
s -> 3
h -> 5
m -> 4
i -> 1
  -> 0
s -> 3
The value is 28
 
Enter Name :  
----------------------------------------------------------
----  Kreesha S ----
k -> 2
r -> 2
e -> 5
e -> 5
s -> 3
h -> 5
a -> 1
  -> 0
s -> 3
The value is 26
 
Enter Name :  
----------------------------------------------------------
----  Kresha S ----
k -> 2
r -> 2
e -> 5
s -> 3
h -> 5
a -> 1
  -> 0
s -> 3
The value is 21
 
Enter Name :  
----------------------------------------------------------
----  Kripa S ----
k -> 2
r -> 2
i -> 1
p -> 8
a -> 1
  -> 0
s -> 3
The value is 17
 
Enter Name :  
----------------------------------------------------------
----  Kresha Kripa S ----
k -> 2
r -> 2
e -> 5
s -> 3
h -> 5
a -> 1
  -> 0
k -> 2
r -> 2
i -> 1
p -> 8
a -> 1
  -> 0
s -> 3
The value is 35
 
Enter Name :  
----------------------------------------------------------
----  Kresha Krpa S ----
k -> 2
r -> 2
e -> 5
s -> 3
h -> 5
a -> 1
  -> 0
k -> 2
r -> 2
p -> 8
a -> 1
  -> 0
s -> 3
The value is 34
 
Enter Name :  
----------------------------------------------------------
----  Kresha S S ----
k -> 2
r -> 2
e -> 5
s -> 3
h -> 5
a -> 1
  -> 0
s -> 3
  -> 0
s -> 3
The value is 24
 
Enter Name :  
----------------------------------------------------------
----  Kreshaa S S ----
k -> 2
r -> 2
e -> 5
s -> 3
h -> 5
a -> 1
a -> 1
  -> 0
s -> 3
  -> 0
s -> 3
The value is 25
 
Enter Name :  
----------------------------------------------------------
----  Kesha S ----
k -> 2
e -> 5
s -> 3
h -> 5
a -> 1
  -> 0
s -> 3
The value is 19
 
Enter Name :  
----------------------------------------------------------
----  Kresha S S ----
k -> 2
r -> 2
e -> 5
s -> 3
h -> 5
a -> 1
  -> 0
s -> 3
  -> 0
s -> 3
The value is 24
 
Enter Name :  
----------------------------------------------------------
----  Kaysha S ----
k -> 2
a -> 1
y -> 1
s -> 3
h -> 5
a -> 1
  -> 0
s -> 3
The value is 16
 
Enter Name :  
----------------------------------------------------------
----  Kayshaa S ----
k -> 2
a -> 1
y -> 1
s -> 3
h -> 5
a -> 1
a -> 1
  -> 0
s -> 3
The value is 17
 
Enter Name :  
----------------------------------------------------------
----  Kaysha Sudhakaran ----
k -> 2
a -> 1
y -> 1
s -> 3
h -> 5
a -> 1
  -> 0
s -> 3
u -> 6
d -> 4
h -> 5
a -> 1
k -> 2
a -> 1
r -> 2
a -> 1
n -> 5
The value is 43
 
Enter Name :  
----------------------------------------------------------
----  Kaysha Sudheej ----
k -> 2
a -> 1
y -> 1
s -> 3
h -> 5
a -> 1
  -> 0
s -> 3
u -> 6
d -> 4
h -> 5
e -> 5
e -> 5
j -> 1
The value is 42
 
Enter Name :  
----------------------------------------------------------
----  Kaysha SS ----
k -> 2
a -> 1
y -> 1
s -> 3
h -> 5
a -> 1
  -> 0
s -> 3
s -> 3
The value is 19
 
Enter Name :  
----------------------------------------------------------
----  Kayshaa S ----
k -> 2
a -> 1
y -> 1
s -> 3
h -> 5
a -> 1
a -> 1
  -> 0
s -> 3
The value is 17
 
Enter Name :  
----------------------------------------------------------
----  Kayshaa S S ----
k -> 2
a -> 1
y -> 1
s -> 3
h -> 5
a -> 1
a -> 1
  -> 0
s -> 3
  -> 0
s -> 3
The value is 20
 
Enter Name :  
----------------------------------------------------------
----  Kia Sudheej ----
k -> 2
i -> 1
a -> 1
  -> 0
s -> 3
u -> 6
d -> 4
h -> 5
e -> 5
e -> 5
j -> 1
The value is 33
 
Enter Name :  
----------------------------------------------------------
----  Keisha S ----
k -> 2
e -> 5
i -> 1
s -> 3
h -> 5
a -> 1
  -> 0
s -> 3
The value is 20
 
Enter Name :  
----------------------------------------------------------
----  Keisha Sudheej ----
k -> 2
e -> 5
i -> 1
s -> 3
h -> 5
a -> 1
  -> 0
s -> 3
u -> 6
d -> 4
h -> 5
e -> 5
e -> 5
j -> 1
The value is 46
 
Enter Name :  
----------------------------------------------------------
----  Kresha S ----
k -> 2
r -> 2
e -> 5
s -> 3
h -> 5
a -> 1
  -> 0
s -> 3
The value is 21
 
Enter Name :  
----------------------------------------------------------
----  Kaysha S ----
k -> 2
a -> 1
y -> 1
s -> 3
h -> 5
a -> 1
  -> 0
s -> 3
The value is 16
 
Enter Name :  
----------------------------------------------------------
----  Kaaysha S ----
k -> 2
a -> 1
a -> 1
y -> 1
s -> 3
h -> 5
a -> 1
  -> 0
s -> 3
The value is 17
 
Enter Name :  
----------------------------------------------------------
----  Kayshia S ----
k -> 2
a -> 1
y -> 1
s -> 3
h -> 5
i -> 1
a -> 1
  -> 0
s -> 3
The value is 17
 
Enter Name :  
----------------------------------------------------------
----  Kia S ----
k -> 2
i -> 1
a -> 1
  -> 0
s -> 3
The value is 7
 
Enter Name :  
----------------------------------------------------------
----  Kia Sudheej ----
k -> 2
i -> 1
a -> 1
  -> 0
s -> 3
u -> 6
d -> 4
h -> 5
e -> 5
e -> 5
j -> 1
The value is 33
 
Enter Name :  
----------------------------------------------------------
----  Kesha Sudheej ----
k -> 2
e -> 5
s -> 3
h -> 5
a -> 1
  -> 0
s -> 3
u -> 6
d -> 4
h -> 5
e -> 5
e -> 5
j -> 1
The value is 45
 
Enter Name :  
----------------------------------------------------------
----  Keshaa S ----
k -> 2
e -> 5
s -> 3
h -> 5
a -> 1
a -> 1
  -> 0
s -> 3
The value is 20
 
Enter Name :  
----------------------------------------------------------
----  Keesha S ----
k -> 2
e -> 5
e -> 5
s -> 3
h -> 5
a -> 1
  -> 0
s -> 3
The value is 24
 
Enter Name :  
----------------------------------------------------------
----  Kayshaa S ----
k -> 2
a -> 1
y -> 1
s -> 3
h -> 5
a -> 1
a -> 1
  -> 0
s -> 3
The value is 17
 
Enter Name :  
----------------------------------------------------------
----  Kayshaa Sri S ----
k -> 2
a -> 1
y -> 1
s -> 3
h -> 5
a -> 1
a -> 1
  -> 0
s -> 3
r -> 2
i -> 1
  -> 0
s -> 3
The value is 23
 
Enter Name :  
----------------------------------------------------------
----  Kaisha S ----
k -> 2
a -> 1
i -> 1
s -> 3
h -> 5
a -> 1
  -> 0
s -> 3
The value is 16
 
Enter Name :  
----------------------------------------------------------
----  Kesha Sudheej ----
k -> 2
e -> 5
s -> 3
h -> 5
a -> 1
  -> 0
s -> 3
u -> 6
d -> 4
h -> 5
e -> 5
e -> 5
j -> 1
The value is 45
 
Enter Name :  
----------------------------------------------------------
----   ----
The value is 0
 
Enter Name :  
----------------------------------------------------------
----   ----
The value is 0
 
Enter Name :  
----------------------------------------------------------
----  Kersha S ----
k -> 2
e -> 5
r -> 2
s -> 3
h -> 5
a -> 1
  -> 0
s -> 3
The value is 21
 
Enter Name :  
----------------------------------------------------------
----  Kershaa S ----
k -> 2
e -> 5
r -> 2
s -> 3
h -> 5
a -> 1
a -> 1
  -> 0
s -> 3
The value is 22
 
Enter Name :  
----------------------------------------------------------
----  Keshaa s ----
k -> 2
e -> 5
s -> 3
h -> 5
a -> 1
a -> 1
  -> 0
s -> 3
The value is 20
 
Enter Name :  
----------------------------------------------------------
----  Kessha S ----
k -> 2
e -> 5
s -> 3
s -> 3
h -> 5
a -> 1
  -> 0
s -> 3
The value is 22
 
Enter Name :  
----------------------------------------------------------
----  kesshaa s ----
k -> 2
e -> 5
s -> 3
s -> 3
h -> 5
a -> 1
a -> 1
  -> 0
s -> 3
The value is 23
 
Enter Name :  
----------------------------------------------------------
----  Kaysha S ----
k -> 2
a -> 1
y -> 1
s -> 3
h -> 5
a -> 1
  -> 0
s -> 3
The value is 16
 
Enter Name :  
----------------------------------------------------------
----  Kaysshaa S ----
k -> 2
a -> 1
y -> 1
s -> 3
s -> 3
h -> 5
a -> 1
a -> 1
  -> 0
s -> 3
The value is 20
 
Enter Name :  
----------------------------------------------------------
----  Kayshaa S ----
k -> 2
a -> 1
y -> 1
s -> 3
h -> 5
a -> 1
a -> 1
  -> 0
s -> 3
The value is 17
 
Enter Name :  
----------------------------------------------------------
----  Krisha S ----
k -> 2
r -> 2
i -> 1
s -> 3
h -> 5
a -> 1
  -> 0
s -> 3
The value is 17
 
Enter Name :  
----------------------------------------------------------
----  Kripaa S ----
k -> 2
r -> 2
i -> 1
p -> 8
a -> 1
a -> 1
  -> 0
s -> 3
The value is 18
 
Enter Name :  
----------------------------------------------------------
----  Kripa S ----
k -> 2
r -> 2
i -> 1
p -> 8
a -> 1
  -> 0
s -> 3
The value is 17
 
Enter Name :  
----------------------------------------------------------
----  Kreshna S ----
k -> 2
r -> 2
e -> 5
s -> 3
h -> 5
n -> 5
a -> 1
  -> 0
s -> 3
The value is 26
 
Enter Name :  
----------------------------------------------------------
----  Kreshnaa S ----
k -> 2
r -> 2
e -> 5
s -> 3
h -> 5
n -> 5
a -> 1
a -> 1
  -> 0
s -> 3
The value is 27
 
Enter Name :  
----------------------------------------------------------
----  Kresha S ----
k -> 2
r -> 2
e -> 5
s -> 3
h -> 5
a -> 1
  -> 0
s -> 3
The value is 21
 
Enter Name :  
----------------------------------------------------------
----  Kreshaa S ----
k -> 2
r -> 2
e -> 5
s -> 3
h -> 5
a -> 1
a -> 1
  -> 0
s -> 3
The value is 22
 
Enter Name :  
----------------------------------------------------------
----  Kresha S S ----
k -> 2
r -> 2
e -> 5
s -> 3
h -> 5
a -> 1
  -> 0
s -> 3
  -> 0
s -> 3
The value is 24
 
Enter Name :  
----------------------------------------------------------
----  Kresha Sudheej ----
k -> 2
r -> 2
e -> 5
s -> 3
h -> 5
a -> 1
  -> 0
s -> 3
u -> 6
d -> 4
h -> 5
e -> 5
e -> 5
j -> 1
The value is 47
 
Enter Name :  
----------------------------------------------------------
----  Kesha priti s ----
k -> 2
e -> 5
s -> 3
h -> 5
a -> 1
  -> 0
p -> 8
r -> 2
i -> 1
t -> 4
i -> 1
  -> 0
s -> 3
The value is 35
 
Enter Name :  
----------------------------------------------------------
----  kesha sree s ----
k -> 2
e -> 5
s -> 3
h -> 5
a -> 1
  -> 0
s -> 3
r -> 2
e -> 5
e -> 5
  -> 0
s -> 3
The value is 34
 
Enter Name :  
----------------------------------------------------------
----  sree kesha s ----
s -> 3
r -> 2
e -> 5
e -> 5
  -> 0
k -> 2
e -> 5
s -> 3
h -> 5
a -> 1
  -> 0
s -> 3
The value is 34
 
Enter Name :  
----------------------------------------------------------
----  Kesha Shri S ----
k -> 2
e -> 5
s -> 3
h -> 5
a -> 1
  -> 0
s -> 3
h -> 5
r -> 2
i -> 1
  -> 0
s -> 3
The value is 30
 
Enter Name :  
----------------------------------------------------------
----  Kesha Sri S ----
k -> 2
e -> 5
s -> 3
h -> 5
a -> 1
  -> 0
s -> 3
r -> 2
i -> 1
  -> 0
s -> 3
The value is 25
 
Enter Name :  
----------------------------------------------------------
----  Kesha Sree S ----
k -> 2
e -> 5
s -> 3
h -> 5
a -> 1
  -> 0
s -> 3
r -> 2
e -> 5
e -> 5
  -> 0
s -> 3
The value is 34
 
Enter Name :  
----------------------------------------------------------
----  Kesha liya S ----
k -> 2
e -> 5
s -> 3
h -> 5
a -> 1
  -> 0
l -> 3
i -> 1
y -> 1
a -> 1
  -> 0
s -> 3
The value is 25
 
Enter Name :  
----------------------------------------------------------
----  Kesha Kia S ----
k -> 2
e -> 5
s -> 3
h -> 5
a -> 1
  -> 0
k -> 2
i -> 1
a -> 1
  -> 0
s -> 3
The value is 23
 
Enter Name : Enter Name :  
----------------------------------------------------------
----  Kesha S ----
k -> 2
e -> 5
s -> 3
h -> 5
a -> 1
  -> 0
s -> 3
The value is 19
 
Enter Name :  
----------------------------------------------------------
----  Kesha Sri S ----
k -> 2
e -> 5
s -> 3
h -> 5
a -> 1
  -> 0
s -> 3
r -> 2
i -> 1
  -> 0
s -> 3
The value is 25
 
Enter Name :  
----------------------------------------------------------
----  Keshaa S ----
k -> 2
e -> 5
s -> 3
h -> 5
a -> 1
a -> 1
  -> 0
s -> 3
The value is 20
 
Enter Name :  
----------------------------------------------------------
----  Kaysha Sri S ----
k -> 2
a -> 1
y -> 1
s -> 3
h -> 5
a -> 1
  -> 0
s -> 3
r -> 2
i -> 1
  -> 0
s -> 3
The value is 22
 
Enter Name :  
----------------------------------------------------------
----  Kayshaa Sri S ----
k -> 2
a -> 1
y -> 1
s -> 3
h -> 5
a -> 1
a -> 1
  -> 0
s -> 3
r -> 2
i -> 1
  -> 0
s -> 3
The value is 23
 
Enter Name :  
----------------------------------------------------------
----  Kresha S ----
k -> 2
r -> 2
e -> 5
s -> 3
h -> 5
a -> 1
  -> 0
s -> 3
The value is 21
 
Enter Name :  
----------------------------------------------------------
----  Kreshaa S ----
k -> 2
r -> 2
e -> 5
s -> 3
h -> 5
a -> 1
a -> 1
  -> 0
s -> 3
The value is 22
 
Enter Name :  
----------------------------------------------------------
----  Kreesha S ----
k -> 2
r -> 2
e -> 5
e -> 5
s -> 3
h -> 5
a -> 1
  -> 0
s -> 3
The value is 26
 
Enter Name :  
----------------------------------------------------------
----  Kiesha S ----
k -> 2
i -> 1
e -> 5
s -> 3
h -> 5
a -> 1
  -> 0
s -> 3
The value is 20
 
Enter Name : Enter Name :  
----------------------------------------------------------
----  Kesha Kia S ----
k -> 2
e -> 5
s -> 3
h -> 5
a -> 1
  -> 0
k -> 2
i -> 1
a -> 1
  -> 0
s -> 3
The value is 23
 
Enter Name :  
----------------------------------------------------------
----  krisha S ----
k -> 2
r -> 2
i -> 1
s -> 3
h -> 5
a -> 1
  -> 0
s -> 3
The value is 17
 
Enter Name :  
----------------------------------------------------------
----  Kresha S ----
k -> 2
r -> 2
e -> 5
s -> 3
h -> 5
a -> 1
  -> 0
s -> 3
The value is 21
 
Enter Name :  
----------------------------------------------------------
----  Kreshna S ----
k -> 2
r -> 2
e -> 5
s -> 3
h -> 5
n -> 5
a -> 1
  -> 0
s -> 3
The value is 26
 
Enter Name :  
----------------------------------------------------------
----  Kesha priti s ----
k -> 2
e -> 5
s -> 3
h -> 5
a -> 1
  -> 0
p -> 8
r -> 2
i -> 1
t -> 4
i -> 1
  -> 0
s -> 3
The value is 35
 
Enter Name :  
----------------------------------------------------------
----  Kesha S ----
k -> 2
e -> 5
s -> 3
h -> 5
a -> 1
  -> 0
s -> 3
The value is 19
 
Enter Name :  
----------------------------------------------------------
----  Sri Mahalakshmi ----
s -> 3
r -> 2
i -> 1
  -> 0
m -> 4
a -> 1
h -> 5
a -> 1
l -> 3
a -> 1
k -> 2
s -> 3
h -> 5
m -> 4
i -> 1
The value is 36
 
Enter Name :  
----------------------------------------------------------
----  Sri Keysha S ----
s -> 3
r -> 2
i -> 1
  -> 0
k -> 2
e -> 5
y -> 1
s -> 3
h -> 5
a -> 1
  -> 0
s -> 3
The value is 26
 
Enter Name :  
----------------------------------------------------------
----  Sri Kaysha S ----
s -> 3
r -> 2
i -> 1
  -> 0
k -> 2
a -> 1
y -> 1
s -> 3
h -> 5
a -> 1
  -> 0
s -> 3
The value is 22
 
Enter Name :  
----------------------------------------------------------
----  Kesha Kia S ----
k -> 2
e -> 5
s -> 3
h -> 5
a -> 1
  -> 0
k -> 2
i -> 1
a -> 1
  -> 0
s -> 3
The value is 23
 
Enter Name :  
----------------------------------------------------------
----  kaisha s ----
k -> 2
a -> 1
i -> 1
s -> 3
h -> 5
a -> 1
  -> 0
s -> 3
The value is 16
 
Enter Name :  
----------------------------------------------------------
----  Kripalini S ----
k -> 2
r -> 2
i -> 1
p -> 8
a -> 1
l -> 3
i -> 1
n -> 5
i -> 1
  -> 0
s -> 3
The value is 27
 
Enter Name :  
----------------------------------------------------------
----  Kreshna Kripa S ----
k -> 2
r -> 2
e -> 5
s -> 3
h -> 5
n -> 5
a -> 1
  -> 0
k -> 2
r -> 2
i -> 1
p -> 8
a -> 1
  -> 0
s -> 3
The value is 40
 
Enter Name :  
----------------------------------------------------------
----  Kaysha Kia S ----
k -> 2
a -> 1
y -> 1
s -> 3
h -> 5
a -> 1
  -> 0
k -> 2
i -> 1
a -> 1
  -> 0
s -> 3
The value is 20
 
Enter Name :  
----------------------------------------------------------
----   ----
The value is 0
 
Enter Name :  
----------------------------------------------------------
----  Keshaa S ----
k -> 2
e -> 5
s -> 3
h -> 5
a -> 1
a -> 1
  -> 0
s -> 3
The value is 20
 
Enter Name :  
----------------------------------------------------------
----  Keshaa Sudheej ----
k -> 2
e -> 5
s -> 3
h -> 5
a -> 1
a -> 1
  -> 0
s -> 3
u -> 6
d -> 4
h -> 5
e -> 5
e -> 5
j -> 1
The value is 46
 
Enter Name :  
----------------------------------------------------------
----  Kia Sudheej ----
k -> 2
i -> 1
a -> 1
  -> 0
s -> 3
u -> 6
d -> 4
h -> 5
e -> 5
e -> 5
j -> 1
The value is 33
 
Enter Name :  
----------------------------------------------------------
----  Kangana S ----
k -> 2
a -> 1
n -> 5
g -> 3
a -> 1
n -> 5
a -> 1
  -> 0
s -> 3
The value is 21
 
Enter Name :  
----------------------------------------------------------
----  Kanganaa S ----
k -> 2
a -> 1
n -> 5
g -> 3
a -> 1
n -> 5
a -> 1
a -> 1
  -> 0
s -> 3
The value is 22
 
Enter Name :  
----------------------------------------------------------
----  Kanika S ----
k -> 2
a -> 1
n -> 5
i -> 1
k -> 2
a -> 1
  -> 0
s -> 3
The value is 15
 
Enter Name :  
----------------------------------------------------------
----  Kanishka S ----
k -> 2
a -> 1
n -> 5
i -> 1
s -> 3
h -> 5
k -> 2
a -> 1
  -> 0
s -> 3
The value is 23
 
Enter Name :  
----------------------------------------------------------
----  Kirat S ----
k -> 2
i -> 1
r -> 2
a -> 1
t -> 4
  -> 0
s -> 3
The value is 13
 
Enter Name :  
----------------------------------------------------------
----  Kirat Sudheej ----
k -> 2
i -> 1
r -> 2
a -> 1
t -> 4
  -> 0
s -> 3
u -> 6
d -> 4
h -> 5
e -> 5
e -> 5
j -> 1
The value is 39
 
Enter Name :  
----------------------------------------------------------
----  Keysha S ----
k -> 2
e -> 5
y -> 1
s -> 3
h -> 5
a -> 1
  -> 0
s -> 3
The value is 20
 
Enter Name :  
----------------------------------------------------------
----  Keyshaa S ----
k -> 2
e -> 5
y -> 1
s -> 3
h -> 5
a -> 1
a -> 1
  -> 0
s -> 3
The value is 21
 
Enter Name :  
----------------------------------------------------------
----  Kayshaa S ----
k -> 2
a -> 1
y -> 1
s -> 3
h -> 5
a -> 1
a -> 1
  -> 0
s -> 3
The value is 17
 
Enter Name :  
----------------------------------------------------------
----  Kreshaa S ----
k -> 2
r -> 2
e -> 5
s -> 3
h -> 5
a -> 1
a -> 1
  -> 0
s -> 3
The value is 22
 
Enter Name :  
----------------------------------------------------------
----  Kresha Sudheej ----
k -> 2
r -> 2
e -> 5
s -> 3
h -> 5
a -> 1
  -> 0
s -> 3
u -> 6
d -> 4
h -> 5
e -> 5
e -> 5
j -> 1
The value is 47
 
Enter Name :  
----------------------------------------------------------
----  Kreshaa Sudheej ----
k -> 2
r -> 2
e -> 5
s -> 3
h -> 5
a -> 1
a -> 1
  -> 0
s -> 3
u -> 6
d -> 4
h -> 5
e -> 5
e -> 5
j -> 1
The value is 48
 
Enter Name :  
----------------------------------------------------------
----  Kamalini S ----
k -> 2
a -> 1
m -> 4
a -> 1
l -> 3
i -> 1
n -> 5
i -> 1
  -> 0
s -> 3
The value is 21
 
Enter Name :  
----------------------------------------------------------
----  Kaushika S ----
k -> 2
a -> 1
u -> 6
s -> 3
h -> 5
i -> 1
k -> 2
a -> 1
  -> 0
s -> 3
The value is 24
 
Enter Name :  
----------------------------------------------------------
----  Kaushikaa S ----
k -> 2
a -> 1
u -> 6
s -> 3
h -> 5
i -> 1
k -> 2
a -> 1
a -> 1
  -> 0
s -> 3
The value is 25
 
Enter Name :  
----------------------------------------------------------
----  Kaushal S ----
k -> 2
a -> 1
u -> 6
s -> 3
h -> 5
a -> 1
l -> 3
  -> 0
s -> 3
The value is 24
 
Enter Name :  
----------------------------------------------------------
----  Kanisha S ----
k -> 2
a -> 1
n -> 5
i -> 1
s -> 3
h -> 5
a -> 1
  -> 0
s -> 3
The value is 21
 
Enter Name :  
----------------------------------------------------------
----  Keysha S ----
k -> 2
e -> 5
y -> 1
s -> 3
h -> 5
a -> 1
  -> 0
s -> 3
The value is 20
 
Enter Name :  
----------------------------------------------------------
----  Kesha S ----
k -> 2
e -> 5
s -> 3
h -> 5
a -> 1
  -> 0
s -> 3
The value is 19
 
Enter Name :  
----------------------------------------------------------
----  Kiesha S ----
k -> 2
i -> 1
e -> 5
s -> 3
h -> 5
a -> 1
  -> 0
s -> 3
The value is 20
 
Enter Name :  
----------------------------------------------------------
----  Kiesha S S ----
k -> 2
i -> 1
e -> 5
s -> 3
h -> 5
a -> 1
  -> 0
s -> 3
  -> 0
s -> 3
The value is 23
 
Enter Name :  
----------------------------------------------------------
----  78987856787678 ----
7 -> 0
8 -> 0
9 -> 0
8 -> 0
7 -> 0
8 -> 0
5 -> 0
6 -> 0
7 -> 0
8 -> 0
7 -> 0
6 -> 0
7 -> 0
8 -> 0
The value is 0
 
Enter Name :  
----------------------------------------------------------
----  ddfdgfdgrstrwrerjjyyttyutrtyrtysdvdgdgfhkkjiouiuuyuit bnbvnvnbcxvbvxcvxvxczczxcvxvcbvcbvcytutiytiyoooppuyutityyteertwrtwrwtrereytrtruytuiyyioouiuop ----
d -> 4
d -> 4
f -> 8
d -> 4
g -> 3
f -> 8
d -> 4
g -> 3
r -> 2
s -> 3
t -> 4
r -> 2
w -> 6
r -> 2
e -> 5
r -> 2
j -> 1
j -> 1
y -> 1
y -> 1
t -> 4
t -> 4
y -> 1
u -> 6
t -> 4
r -> 2
t -> 4
y -> 1
r -> 2
t -> 4
y -> 1
s -> 3
d -> 4
v -> 6
d -> 4
g -> 3
d -> 4
g -> 3
f -> 8
h -> 5
k -> 2
k -> 2
j -> 1
i -> 1
o -> 7
u -> 6
i -> 1
u -> 6
u -> 6
y -> 1
u -> 6
i -> 1
t -> 4
  -> 0
b -> 2
n -> 5
b -> 2
v -> 6
n -> 5
v -> 6
n -> 5
b -> 2
c -> 3
x -> 5
v -> 6
b -> 2
v -> 6
x -> 5
c -> 3
v -> 6
x -> 5
v -> 6
x -> 5
c -> 3
z -> 7
c -> 3
z -> 7
x -> 5
c -> 3
v -> 6
x -> 5
v -> 6
c -> 3
b ->Enter Name :  
----------------------------------------------------------
----  Kressha S ----
k -> 2
r -> 2
e -> 5
s -> 3
s -> 3
h -> 5
a -> 1
  -> 0
s -> 3
The value is 24
 
Enter Name :  
----------------------------------------------------------
----  Kreshaa S ----
k -> 2
r -> 2
e -> 5
s -> 3
h -> 5
a -> 1
a -> 1
  -> 0
s -> 3
The value is 22
 
Enter Name :  
----------------------------------------------------------
----   ----
The value is 0
 
Enter Name :  
----------------------------------------------------------
----  Kreshaa S S ----
k -> 2
r -> 2
e -> 5
s -> 3
h -> 5
a -> 1
a -> 1
  -> 0
s -> 3
  -> 0
s -> 3
The value is 25
 
Enter Name : Enter Name :  
----------------------------------------------------------
----  Kressha S ----
k -> 2
r -> 2
e -> 5
s -> 3
s -> 3
h -> 5
a -> 1
  -> 0
s -> 3
The value is 24
 
Enter Name : 